# JRE version: OpenJDK Runtime Environment Corretto-11.0.12.7.1 (11.0.12+7) (build 11.0.12+7-LTS)
# Java VM: OpenJDK 64-Bit Server VM Corretto-11.0.12.7.1 (11.0.12+7-LTS, mixed mode, tiered, compressed oops, g1 gc, windows-amd64)
Heap:
 garbage-first heap   total 420864K, used 24475K [0x0000000700c00000, 0x0000000800000000)
  region size 1024K, 13 young (13312K), 13 survivors (13312K)
 Metaspace       used 60566K, capacity 62405K, committed 62472K, reserved 1120256K
  class space    used 7960K, capacity 8673K, committed 8704K, reserved 1048576K
GC Heap History (17 events):
Event: 0.699 GC heap before
{Heap before GC invocations=0 (full 0):
 garbage-first heap   total 262144K, used 24576K [0x0000000700c00000, 0x0000000800000000)
  region size 1024K, 24 young (24576K), 0 survivors (0K)
 Metaspace       used 13460K, capacity 13832K, committed 14080K, reserved 1062912K
  class space    used 1378K, capacity 1503K, committed 1536K, reserved 1048576K
}
Event: 0.705 GC heap after
{Heap after GC invocations=1 (full 0):
 garbage-first heap   total 262144K, used 6749K [0x0000000700c00000, 0x0000000800000000)
  region size 1024K, 3 young (3072K), 3 survivors (3072K)
 Metaspace       used 13460K, capacity 13832K, committed 14080K, reserved 1062912K
  class space    used 1378K, capacity 1503K, committed 1536K, reserved 1048576K
}
Event: 1.023 GC heap before
{Heap before GC invocations=1 (full 0):
 garbage-first heap   total 262144K, used 51805K [0x0000000700c00000, 0x0000000800000000)
  region size 1024K, 48 young (49152K), 3 survivors (3072K)
 Metaspace       used 20523K, capacity 21105K, committed 21296K, reserved 1069056K
  class space    used 2364K, capacity 2601K, committed 2688K, reserved 1048576K
}
Event: 1.028 GC heap after
{Heap after GC invocations=2 (full 0):
 garbage-first heap   total 262144K, used 8706K [0x0000000700c00000, 0x0000000800000000)
  region size 1024K, 5 young (5120K), 5 survivors (5120K)
 Metaspace       used 20523K, capacity 21105K, committed 21296K, reserved 1069056K
  class space    used 2364K, capacity 2601K, committed 2688K, reserved 1048576K
}
Event: 1.162 GC heap before
{Heap before GC invocations=3 (full 0):
 garbage-first heap   total 262144K, used 64002K [0x0000000700c00000, 0x0000000800000000)
  region size 1024K, 60 young (61440K), 5 survivors (5120K)
 Metaspace       used 24655K, capacity 25358K, committed 25520K, reserved 1071104K
  class space    used 2983K, capacity 3271K, committed 3328K, reserved 1048576K
}
Event: 1.167 GC heap after
{Heap after GC invocations=4 (full 0):
 garbage-first heap   total 262144K, used 10708K [0x0000000700c00000, 0x0000000800000000)
  region size 1024K, 4 young (4096K), 4 survivors (4096K)
 Metaspace       used 24655K, capacity 25358K, committed 25520K, reserved 1071104K
  class space    used 2983K, capacity 3271K, committed 3328K, reserved 1048576K
}
Event: 1.414 GC heap before
{Heap before GC invocations=4 (full 0):
 garbage-first heap   total 262144K, used 83412K [0x0000000700c00000, 0x0000000800000000)
  region size 1024K, 76 young (77824K), 4 survivors (4096K)
 Metaspace       used 29602K, capacity 30579K, committed 30896K, reserved 1077248K
  class space    used 3603K, capacity 3978K, committed 4096K, reserved 1048576K
}
Event: 1.418 GC heap after
{Heap after GC invocations=5 (full 0):
 garbage-first heap   total 262144K, used 12418K [0x0000000700c00000, 0x0000000800000000)
  region size 1024K, 6 young (6144K), 6 survivors (6144K)
 Metaspace       used 29602K, capacity 30579K, committed 30896K, reserved 1077248K
  class space    used 3603K, capacity 3978K, committed 4096K, reserved 1048576K
}
Event: 1.748 GC heap before
{Heap before GC invocations=5 (full 0):
 garbage-first heap   total 262144K, used 61570K [0x0000000700c00000, 0x0000000800000000)
  region size 1024K, 55 young (56320K), 6 survivors (6144K)
 Metaspace       used 34600K, capacity 35875K, committed 35920K, reserved 1081344K
  class space    used 4376K, capacity 4863K, committed 4864K, reserved 1048576K
}
Event: 1.758 GC heap after
{Heap after GC invocations=6 (full 0):
 garbage-first heap   total 315392K, used 15032K [0x0000000700c00000, 0x0000000800000000)
  region size 1024K, 8 young (8192K), 8 survivors (8192K)
 Metaspace       used 34600K, capacity 35875K, committed 35920K, reserved 1081344K
  class space    used 4376K, capacity 4863K, committed 4864K, reserved 1048576K
}
Event: 2.361 GC heap before
{Heap before GC invocations=7 (full 0):
 garbage-first heap   total 315392K, used 139960K [0x0000000700c00000, 0x0000000800000000)
  region size 1024K, 131 young (134144K), 8 survivors (8192K)
 Metaspace       used 46631K, capacity 48098K, committed 48208K, reserved 1091584K
  class space    used 5983K, capacity 6547K, committed 6656K, reserved 1048576K
}
Event: 2.370 GC heap after
{Heap after GC invocations=8 (full 0):
 garbage-first heap   total 315392K, used 18276K [0x0000000700c00000, 0x0000000800000000)
  region size 1024K, 12 young (12288K), 12 survivors (12288K)
 Metaspace       used 46631K, capacity 48098K, committed 48208K, reserved 1091584K
  class space    used 5983K, capacity 6547K, committed 6656K, reserved 1048576K
}
Event: 3.025 GC heap before
{Heap before GC invocations=8 (full 0):
 garbage-first heap   total 315392K, used 152420K [0x0000000700c00000, 0x0000000800000000)
  region size 1024K, 144 young (147456K), 12 survivors (12288K)
 Metaspace       used 58505K, capacity 60122K, committed 60296K, reserved 1101824K
  class space    used 7608K, capacity 8261K, committed 8320K, reserved 1048576K
}
Event: 3.041 GC heap after
{Heap after GC invocations=9 (full 0):
 garbage-first heap   total 315392K, used 21899K [0x0000000700c00000, 0x0000000800000000)
  region size 1024K, 15 young (15360K), 15 survivors (15360K)
 Metaspace       used 58505K, capacity 60122K, committed 60296K, reserved 1101824K
  class space    used 7608K, capacity 8261K, committed 8320K, reserved 1048576K
}
Event: 3.230 GC heap before
{Heap before GC invocations=10 (full 0):
 garbage-first heap   total 315392K, used 50571K [0x0000000700c00000, 0x0000000800000000)
  region size 1024K, 44 young (45056K), 15 survivors (15360K)
 Metaspace       used 60050K, capacity 61782K, committed 61960K, reserved 1110016K
  class space    used 7886K, capacity 8577K, committed 8704K, reserved 1048576K
}
Event: 3.247 GC heap after
{Heap after GC invocations=11 (full 0):
 garbage-first heap   total 315392K, used 23903K [0x0000000700c00000, 0x0000000800000000)
  region size 1024K, 14 young (14336K), 14 survivors (14336K)
 Metaspace       used 60050K, capacity 61782K, committed 61960K, reserved 1110016K
  class space    used 7886K, capacity 8577K, committed 8704K, reserved 1048576K
}
Event: 3.290 GC heap before
{Heap before GC invocations=12 (full 0):
 garbage-first heap   total 315392K, used 30047K [0x0000000700c00000, 0x0000000800000000)
  region size 1024K, 21 young (21504K), 14 survivors (14336K)
 Metaspace       used 60566K, capacity 62405K, committed 62472K, reserved 1120256K
  class space    used 7960K, capacity 8673K, committed 8704K, reserved 1048576K
}

